  Log.cpp
  Main.cpp
C:\DEV\Speedy-Cuber\Rubiks-Cube-Timer\timer\Main.cpp(36,12): warning C4244: 'argument': conversion from 'time_t' to 'unsigned int', possible loss of data
  Scrambler.cpp
  Screen.cpp
  Solve Storage.cpp
C:\DEV\Speedy-Cuber\Rubiks-Cube-Timer\timer\Solve Storage.cpp(67,42): warning C4267: '=': conversion from 'size_t' to 'unsigned int', possible loss of data
C:\DEV\Speedy-Cuber\Rubiks-Cube-Timer\timer\Solve Storage.cpp(107,19): warning C4244: '=': conversion from 'double' to 'float', possible loss of data
C:\DEV\Speedy-Cuber\Rubiks-Cube-Timer\timer\Solve Storage.cpp(202,15): warning C4244: 'initializing': conversion from 'float' to 'int', possible loss of data
C:\DEV\Speedy-Cuber\Rubiks-Cube-Timer\timer\Solve Storage.cpp(203,17): warning C4244: 'initializing': conversion from 'double' to 'float', possible loss of data
C:\DEV\Speedy-Cuber\Rubiks-Cube-Timer\timer\Solve Storage.cpp(223,30): warning C4267: 'initializing': conversion from 'size_t' to 'int', possible loss of data
C:\DEV\Speedy-Cuber\Rubiks-Cube-Timer\timer\Solve Storage.cpp(299,22): warning C4267: 'return': conversion from 'size_t' to 'int', possible loss of data
C:\DEV\Speedy-Cuber\Rubiks-Cube-Timer\timer\Solve Storage.cpp(337,68): warning C4244: '=': conversion from 'double' to 'float', possible loss of data
C:\DEV\Speedy-Cuber\Rubiks-Cube-Timer\timer\Solve Storage.cpp(343,68): warning C4244: '=': conversion from 'double' to 'float', possible loss of data
  Timer.cpp
  Generating code
  56 of 439 functions (12.8%) were compiled, the rest were copied from previous compilation.
    24 functions were new in current compilation
    12 functions had inline decision re-evaluated but remain unchanged
  Finished generating code
  timer.vcxproj -> C:\DEV\Speedy-Cuber\Rubiks-Cube-Timer\x64\Release\timer.exe
